[ERROR] Factor Gender not found for pmid 34600737
[ERROR] Factor Chemotherapy not found for pmid 34218708
[ERROR] Factor Total parenteral nutrition not found for pmid 34218708
[ERROR] Factor PICC infection not found for pmid 34218708
[ERROR] Factor Chemotherapy not found for pmid 37314592
[ERROR][KEY] Factor Cancer not found in table
[ERROR][KEY] Factor ICU not found in table
[ERROR] Factor PICC infection not found for pmid 24811591
[ERROR] Factor Chemotherapy not found for pmid 30697126
[ERROR][KEY] Factor Cancer not found in table
[ERROR][KEY] Factor BMI not found in table
[ERROR][KEY] Factor Smoking not found in table
[ERROR][KEY] Factor PICC insertion procedure_position_more than one attempt for PICC insertion_operator experience_cutting or trimming the tip before insertion_Blood vessel traumatism_vein depth not found in table
[ERROR][KEY] Factor Cancer not found in table
[ERROR][KEY] Factor PICC insertion procedure_position_more than one attempt for PICC insertion_operator experience_cutting or trimming the tip before insertion_Blood vessel traumatism_vein depth not found in table
[ERROR][KEY] Factor Biology ( blood platelet level_white blood cell level_triglycerides_fibrinogen) not found in table
[ERROR] Factor PICC infection not found for pmid 31324590
[ERROR] Factor Slower blood flow velocity not found for pmid 36601900
[ERROR] Factor PICC infection not found for pmid 35802673
[ERROR] Factor Chemotherapy not found for pmid 33889013
[ERROR][KEY] Factor Cancer not found in table
[ERROR][KEY] Factor Biology ( blood platelet level_white blood cell level_triglycerides_fibrinogen) not found in table
[ERROR] Factor PICC infection not found for pmid 33719694
[ERROR] Factor PICC infection not found for pmid 36897677
[ERROR][KEY] Factor Diabete not found in table
[ERROR][KEY] Factor PICC insertion procedure_position_more than one attempt for PICC insertion_operator experience_cutting or trimming the tip before insertion_Blood vessel traumatism_vein depth not found in table
[ERROR][KEY] Factor ICU not found in table
[ERROR][KEY] Factor Diabete not found in table
[ERROR][KEY] Factor BMI not found in table
[ERROR] Factor Age not found for pmid 37573601
[ERROR][KEY] Factor Biology ( blood platelet level_white blood cell level_triglycerides_fibrinogen) not found in table
[ERROR][KEY] Factor Hypertension not found in table
[ERROR] Factor Chemotherapy not found for pmid 34540095
[ERROR][KEY] Factor Cancer not found in table
[ERROR][KEY] Factor Performans score_performance status_karnofsky_ECOG_Less activity_bedridden > 72h not found in table
[ERROR][KEY] Factor Cancer not found in table
[ERROR][KEY] Factor Smoking not found in table
[ERROR] Factor PICC infection not found for pmid 34723657
[ERROR] Factor PICC infection not found for pmid 31387422
[ERROR][KEY] Factor Cancer not found in table
[OK] Found factor Slower blood flow velocity for pmid 32195936
[ERROR][KEY] Factor Cancer not found in table
[ERROR] Factor Age not found for pmid 27161689
[ERROR] Factor PICC infection not found for pmid 27161689
[ERROR][KEY] Factor Cancer not found in table
[ERROR][KEY] Factor Biology ( blood platelet level_white blood cell level_triglycerides_fibrinogen) not found in table
[ERROR][KEY] Factor Anticoagulants therapy not found in table
[ERROR][KEY] Factor Performans score_performance status_karnofsky_ECOG_Less activity_bedridden > 72h not found in table
[OK] Found factor Slower blood flow velocity for pmid 33617142
[ERROR] Factor Chemotherapy not found for pmid 32921123
[ERROR][KEY] Factor Biology ( blood platelet level_white blood cell level_triglycerides_fibrinogen) not found in table
[ERROR][KEY] Factor Surgery_type of surgery not found in table
[ERROR] Factor PICC infection not found for pmid 28386787
[ERROR][KEY] Factor Cancer not found in table
[ERROR][KEY] Factor Cancer not found in table
[ERROR] Factor PICC infection not found for pmid 35216538
[ERROR][KEY] Factor Cancer not found in table
[ERROR] Factor PICC infection not found for pmid 33148905
[ERROR][KEY] Factor Cancer not found in table
[ERROR] Factor PICC infection not found for pmid 25910751
[ERROR][KEY] Factor PICC insertion procedure_position_more than one attempt for PICC insertion_operator experience_cutting or trimming the tip before insertion_Blood vessel traumatism_vein depth not found in table
[ERROR] Factor PICC infection not found for pmid 32441173
[ERROR] Factor PICC infection not found for pmid 33782091
[ERROR] Factor Chemotherapy not found for pmid 34511570
[ERROR][KEY] Factor Cancer not found in table
[ERROR][KEY] Factor BMI not found in table
[ERROR] Factor PICC infection not found for pmid 34511570
[OK] Found factor Chemotherapy for pmid 33249623
[ERROR][KEY] Factor Cancer not found in table
[ERROR][KEY] Factor Smoking not found in table
[ERROR] Factor PICC infection not found for pmid 31900609
[ERROR][KEY] Factor Cancer not found in table
[ERROR][KEY] Factor Performans score_performance status_karnofsky_ECOG_Less activity_bedridden > 72h not found in table
[ERROR] Factor PICC infection not found for pmid 34794291
[ERROR] Factor PICC infection not found for pmid 30683751
[ERROR][KEY] Factor PICC insertion procedure_position_more than one attempt for PICC insertion_operator experience_cutting or trimming the tip before insertion_Blood vessel traumatism_vein depth not found in table
[ERROR] Factor PICC infection not found for pmid 37333869
[OK] Found factor Chemotherapy for pmid 26207019
[ERROR][KEY] Factor Cancer not found in table
[ERROR] Factor PICC infection not found for pmid 33499716
[ERROR][KEY] Factor Non-O blood type_ group B not found in table
[ERROR][KEY] Factor Cancer not found in table
[ERROR][KEY] Factor PICC insertion procedure_position_more than one attempt for PICC insertion_operator experience_cutting or trimming the tip before insertion_Blood vessel traumatism_vein depth not found in table
[ERROR] Factor Chemotherapy not found for pmid 38072566
[ERROR][KEY] Factor PICC insertion procedure_position_more than one attempt for PICC insertion_operator experience_cutting or trimming the tip before insertion_Blood vessel traumatism_vein depth not found in table
[ERROR] Factor PICC infection not found for pmid 38072566
[ERROR] Factor Number of comorbidities/HTA/Hyperglycemia not found for pmid 34373674
[ERROR][KEY] Factor Surgery_type of surgery not found in table
[ERROR] Factor PICC infection not found for pmid 34373674
[ERROR][KEY] Factor PICC indwelling time_catheter retention time not found in table
[ERROR] Factor Chemotherapy not found for pmid 26349890
[ERROR][KEY] Factor Cancer not found in table
[ERROR][KEY] Factor PICC insertion procedure_position_more than one attempt for PICC insertion_operator experience_cutting or trimming the tip before insertion_Blood vessel traumatism_vein depth not found in table
[ERROR] Factor Chemotherapy not found for pmid 33383236
[ERROR][KEY] Factor Cancer not found in table
[ERROR][KEY] Factor Two or more lumens not found in table
[OK] Found factor Chemotherapy for pmid 24612469
[ERROR][KEY] Factor Cancer not found in table
[ERROR][KEY] Factor Performans score_performance status_karnofsky_ECOG_Less activity_bedridden > 72h not found in table
[ERROR] Factor PICC infection not found for pmid 35236188
[ERROR] Factor Age not found for pmid 29408616
[ERROR][KEY] Factor Cancer not found in table
[ERROR][KEY] Factor Biology ( blood platelet level_white blood cell level_triglycerides_fibrinogen) not found in table
[ERROR] Factor Chemotherapy not found for pmid 29125332
[ERROR][KEY] Factor Cancer not found in table
[ERROR][KEY] Factor PICC insertion procedure_position_more than one attempt for PICC insertion_operator experience_cutting or trimming the tip before insertion_Blood vessel traumatism_vein depth not found in table
[ERROR][KEY] Factor Cancer not found in table
[ERROR][KEY] Factor Two or more lumens not found in table
[ERROR] Factor Age not found for pmid 30632436
[ERROR][KEY] Factor History Of Thrombosis not found in table
[ERROR][KEY] Factor PICC insertion procedure_position_more than one attempt for PICC insertion_operator experience_cutting or trimming the tip before insertion_Blood vessel traumatism_vein depth not found in table
[ERROR] Factor PICC infection not found for pmid 34498477
[ERROR][KEY] Factor PICC insertion procedure_position_more than one attempt for PICC insertion_operator experience_cutting or trimming the tip before insertion_Blood vessel traumatism_vein depth not found in table
[ERROR] Factor PICC infection not found for pmid 32928286
[ERROR][KEY] Factor Two or more lumens not found in table
[ERROR] Factor Age not found for pmid 25295962
[ERROR][KEY] Factor PICC insertion procedure_position_more than one attempt for PICC insertion_operator experience_cutting or trimming the tip before insertion_Blood vessel traumatism_vein depth not found in table
[ERROR][KEY] Factor Biology ( blood platelet level_white blood cell level_triglycerides_fibrinogen) not found in table
[ERROR] Factor PICC infection not found for pmid 34107707
[ERROR][KEY] Factor PICC indwelling time_catheter retention time not found in table
[ERROR] Factor PICC infection not found for pmid 25501778
[ERROR] Factor Total parenteral nutrition not found for pmid 24439240
[ERROR] Factor PICC infection not found for pmid 24439240
[ERROR] Factor PICC infection not found for pmid 23876203
[ERROR] Factor Chemotherapy not found for pmid 25935657
[ERROR] Factor Age not found for pmid 28149507
[ERROR] Factor Chemotherapy not found for pmid 30755503
[ERROR] Factor Gender not found for pmid 30755503
[ERROR] Factor Age not found for pmid 30755503
[OK] Found factor Chemotherapy for pmid 25673995
[ERROR][KEY] Factor Cancer not found in table
[ERROR][KEY] Factor BMI not found in table
[ERROR][KEY] Factor Performans score_performance status_karnofsky_ECOG_Less activity_bedridden > 72h not found in table
[ERROR][KEY] Factor Cancer not found in table
[ERROR][KEY] Factor Biology ( blood platelet level_white blood cell level_triglycerides_fibrinogen) not found in table
[ERROR][KEY] Factor PICC insertion procedure_position_more than one attempt for PICC insertion_operator experience_cutting or trimming the tip before insertion_Blood vessel traumatism_vein depth not found in table
[ERROR] Factor Total parenteral nutrition not found for pmid 27978519
[ERROR][KEY] Factor Cancer not found in table
[ERROR][KEY] Factor BMI not found in table
[ERROR][KEY] Factor Performans score_performance status_karnofsky_ECOG_Less activity_bedridden > 72h not found in table
[ERROR][KEY] Factor BMI not found in table
[ERROR][KEY] Factor Smoking not found in table
[OK] Found factor Number of comorbidities/HTA/Hyperglycemia for pmid 25664112
[ERROR][KEY] Factor Performans score_performance status_karnofsky_ECOG_Less activity_bedridden > 72h not found in table
[ERROR][KEY] Factor Biology ( blood platelet level_white blood cell level_triglycerides_fibrinogen) not found in table
[ERROR][KEY] Factor Two or more lumens not found in table
[ERROR] Factor PICC infection not found for pmid 27033138
[ERROR][KEY] Factor Cancer not found in table
[ERROR][KEY] Factor PICC indwelling time_catheter retention time not found in table
[ERROR] Factor PICC infection not found for pmid 27179394
[ERROR][KEY] Factor ICU not found in table
[ERROR] Factor Transplantation not found for pmid 24954426
[ERROR] Factor PICC infection not found for pmid 24954426
[ERROR][KEY] Factor Two or more lumens not found in table
[OK] Found factor Power injectable PICC for pmid 23838218
[OK] Found factor Immunosuppression for pmid 23838218
[ERROR][KEY] Factor PICC insertion procedure_position_more than one attempt for PICC insertion_operator experience_cutting or trimming the tip before insertion_Blood vessel traumatism_vein depth not found in table
[ERROR] Factor PICC infection not found for pmid 23838218
[ERROR] Factor Age not found for pmid 36010017
[ERROR] Factor Chemotherapy not found for pmid 24005884
[ERROR][KEY] Factor PICC indwelling time_catheter retention time not found in table
[ERROR][KEY] Factor Biology ( blood platelet level_white blood cell level_triglycerides_fibrinogen) not found in table
[ERROR] Factor PICC infection not found for pmid 27895356
[ERROR] Factor PICC infection not found for pmid 31970514
[ERROR] Factor Chemotherapy not found for pmid 30704933
[ERROR] Factor Age not found for pmid 30704933
[ERROR] Factor PICC infection not found for pmid 30704933
[ERROR][KEY] Factor Cancer not found in table
[ERROR][KEY] Factor Biology ( blood platelet level_white blood cell level_triglycerides_fibrinogen) not found in table
[ERROR][KEY] Factor Surgery_type of surgery not found in table
[ERROR][KEY] Factor Menopause_endocrine therapy_hormone use not found in table
[ERROR][KEY] Factor Cancer not found in table
[ERROR][KEY] Factor PICC indwelling time_catheter retention time not found in table
[ERROR] Factor Chemotherapy not found for pmid 27020965
[ERROR][KEY] Factor PICC insertion procedure_position_more than one attempt for PICC insertion_operator experience_cutting or trimming the tip before insertion_Blood vessel traumatism_vein depth not found in table
[ERROR][KEY] Factor PICC indwelling time_catheter retention time not found in table
[ERROR] Factor PICC infection not found for pmid 27020965
[ERROR][KEY] Factor Cancer not found in table
[OK] Found factor Chemotherapy for pmid 33893843
[ERROR][KEY] Factor Cancer not found in table
[ERROR][KEY] Factor Biology ( blood platelet level_white blood cell level_triglycerides_fibrinogen) not found in table
[ERROR] Factor PICC infection not found for pmid 34673343
[ERROR][KEY] Factor Hypertension not found in table
[ERROR][KEY] Factor Cancer not found in table
[ERROR] Factor Chemotherapy not found for pmid 31948240
[ERROR][KEY] Factor Cancer not found in table
[ERROR][KEY] Factor Cancer not found in table
[ERROR] Factor Gender not found for pmid 32572092
[ERROR][KEY] Factor BMI not found in table
[ERROR][KEY] Factor Smoking not found in table
[ERROR] Factor Chemotherapy not found for pmid 26202391
[ERROR] Factor PICC infection not found for pmid 26202391
[ERROR][KEY] Factor Anticoagulants therapy not found in table
[ERROR] Factor Chemotherapy not found for pmid 35943390
[ERROR] Factor PICC infection not found for pmid 35943390
[ERROR] Factor Age not found for pmid 35763062
[ERROR][KEY] Factor PICC insertion procedure_position_more than one attempt for PICC insertion_operator experience_cutting or trimming the tip before insertion_Blood vessel traumatism_vein depth not found in table
[ERROR][KEY] Factor Biology ( blood platelet level_white blood cell level_triglycerides_fibrinogen) not found in table
[ERROR][KEY] Factor ICU not found in table
[ERROR][KEY] Factor Biology ( blood platelet level_white blood cell level_triglycerides_fibrinogen) not found in table
[ERROR] Factor Chemotherapy not found for pmid 30673943
[ERROR][KEY] Factor Cancer not found in table
[ERROR][KEY] Factor Cancer not found in table
[ERROR] Factor PICC infection not found for pmid 36853924
[ERROR] Factor Age not found for pmid 33860712
[ERROR][KEY] Factor PICC indwelling time_catheter retention time not found in table
[ERROR][KEY] Factor PICC insertion procedure_position_more than one attempt for PICC insertion_operator experience_cutting or trimming the tip before insertion_Blood vessel traumatism_vein depth not found in table
[OK] Found factor Total parenteral nutrition for pmid 25997503
[ERROR][KEY] Factor ICU not found in table
[ERROR] Factor PICC infection not found for pmid 32709498
[ERROR] Factor PICC infection not found for pmid 34459038
[ERROR][KEY] Factor PICC insertion procedure_position_more than one attempt for PICC insertion_operator experience_cutting or trimming the tip before insertion_Blood vessel traumatism_vein depth not found in table
[ERROR] Factor PICC infection not found for pmid 34343193
[ERROR][KEY] Factor Cancer not found in table
[ERROR][KEY] Factor PICC insertion procedure_position_more than one attempt for PICC insertion_operator experience_cutting or trimming the tip before insertion_Blood vessel traumatism_vein depth not found in table
[ERROR] Factor PICC infection not found for pmid 31556001
[ERROR][KEY] Factor Cancer not found in table
[ERROR][KEY] Factor Cancer not found in table
[ERROR][KEY] Factor BMI not found in table
[ERROR][KEY] Factor PICC insertion procedure_position_more than one attempt for PICC insertion_operator experience_cutting or trimming the tip before insertion_Blood vessel traumatism_vein depth not found in table
[ERROR][KEY] Factor Biology ( blood platelet level_white blood cell level_triglycerides_fibrinogen) not found in table
[ERROR] Factor Slower blood flow velocity not found for pmid 33244268
[ERROR][KEY] Factor Cancer not found in table
[ERROR][KEY] Factor Cancer not found in table
[ERROR][KEY] Factor Non-O blood type_ group B not found in table
[ERROR][KEY] Factor ICU not found in table
[ERROR] Factor Gender not found for pmid 30560363
[ERROR] Factor PICC infection not found for pmid 30560363
[ERROR][KEY] Factor Cancer not found in table
[ERROR][KEY] Factor PICC insertion procedure_position_more than one attempt for PICC insertion_operator experience_cutting or trimming the tip before insertion_Blood vessel traumatism_vein depth not found in table
[ERROR] Factor Chemotherapy not found for pmid 31764785
[ERROR][KEY] Factor Cancer not found in table
[ERROR] Factor Gender not found for pmid 31764785
[ERROR][KEY] Factor BMI not found in table
[ERROR][KEY] Factor Smoking not found in table
[ERROR] Factor Age not found for pmid 31764785
[ERROR] Factor Number of comorbidities/HTA/Hyperglycemia not found for pmid 31764785
[ERROR][KEY] Factor Anticoagulants therapy not found in table
[ERROR][KEY] Factor Cancer not found in table
[ERROR][KEY] Factor BMI not found in table
[ERROR] Factor Age not found for pmid 35287828
[ERROR][KEY] Factor Cancer not found in table
[ERROR][KEY] Factor BMI not found in table
[ERROR][KEY] Factor PICC indwelling time_catheter retention time not found in table
[ERROR] Factor PICC infection not found for pmid 28218366
[ERROR] Factor PICC infection not found for pmid 31820886
[ERROR][KEY] Factor Diabete not found in table
[ERROR][KEY] Factor PICC insertion procedure_position_more than one attempt for PICC insertion_operator experience_cutting or trimming the tip before insertion_Blood vessel traumatism_vein depth not found in table
[ERROR] Factor PICC infection not found for pmid 35645580
[ERROR] Factor PICC infection not found for pmid 28978332
[ERROR] Factor PICC infection not found for pmid 26312402
[OK] Found factor Chemotherapy for pmid 28936124
[ERROR][KEY] Factor Cancer not found in table
[OK] Found factor Gender for pmid 28936124
[ERROR][KEY] Factor PICC insertion procedure_position_more than one attempt for PICC insertion_operator experience_cutting or trimming the tip before insertion_Blood vessel traumatism_vein depth not found in table
[ERROR][KEY] Factor Cancer not found in table
[ERROR][KEY] Factor Anticoagulants therapy not found in table
[ERROR][KEY] Factor Cancer not found in table
[ERROR] Factor Chemotherapy not found for pmid 37046808
[ERROR][KEY] Factor Cancer not found in table
[ERROR][KEY] Factor Cancer not found in table
[ERROR] Factor Chemotherapy not found for pmid 24781722
[ERROR][KEY] Factor BMI not found in table
[ERROR] Factor Age not found for pmid 24781722
[ERROR][KEY] Factor ICU not found in table
[ERROR] Factor PICC infection not found for pmid 26113804
[ERROR][KEY] Factor PICC insertion procedure_position_more than one attempt for PICC insertion_operator experience_cutting or trimming the tip before insertion_Blood vessel traumatism_vein depth not found in table
[ERROR][KEY] Factor BMI not found in table
[ERROR][KEY] Factor Biology ( blood platelet level_white blood cell level_triglycerides_fibrinogen) not found in table
[ERROR] Factor PICC infection not found for pmid 24911379
[ERROR][KEY] Factor Biology ( blood platelet level_white blood cell level_triglycerides_fibrinogen) not found in table
[ERROR][KEY] Factor Anticoagulants therapy not found in table
[ERROR][KEY] Factor Cancer not found in table
[ERROR][KEY] Factor Diabete not found in table
[ERROR][KEY] Factor Cancer not found in table
[ERROR][KEY] Factor Surgery_type of surgery not found in table
[ERROR] Factor Thrombophilia not found for pmid 34095299
[OK] Found factor Chemotherapy for pmid 25680892
[ERROR][KEY] Factor Diabete not found in table
[ERROR][KEY] Factor BMI not found in table
[ERROR][KEY] Factor History Of Thrombosis not found in table
[ERROR][KEY] Factor Performans score_performance status_karnofsky_ECOG_Less activity_bedridden > 72h not found in table
[OK] Found factor Thrombophilia for pmid 25680892
[ERROR][KEY] Factor PICC insertion procedure_position_more than one attempt for PICC insertion_operator experience_cutting or trimming the tip before insertion_Blood vessel traumatism_vein depth not found in table
[ERROR] Factor Chemotherapy not found for pmid 37736715
[ERROR][KEY] Factor Cancer not found in table
[ERROR][KEY] Factor PICC insertion procedure_position_more than one attempt for PICC insertion_operator experience_cutting or trimming the tip before insertion_Blood vessel traumatism_vein depth not found in table
[ERROR] Factor PICC infection not found for pmid 37736715
[ERROR] Factor PICC infection not found for pmid 27240799
[ERROR] Factor PICC infection not found for pmid 25616129
[ERROR] Factor PICC infection not found for pmid 25634150
[ERROR] Factor Chemotherapy not found for pmid 31005243
[ERROR][KEY] Factor Cancer not found in table
[ERROR] Factor Chemotherapy not found for pmid 38105233
[ERROR][KEY] Factor Cancer not found in table
[ERROR][KEY] Factor Smoking not found in table
[ERROR] Factor Age not found for pmid 38105233
[ERROR] Factor Number of comorbidities/HTA/Hyperglycemia not found for pmid 38105233
[ERROR][KEY] Factor Biology ( blood platelet level_white blood cell level_triglycerides_fibrinogen) not found in table
[ERROR] Factor PICC infection not found for pmid 38105233
[ERROR] Factor Chemotherapy not found for pmid 36013377
[ERROR][KEY] Factor Cancer not found in table
[ERROR][KEY] Factor Cancer not found in table
[ERROR] Factor PICC infection not found for pmid 28619777
[ERROR][KEY] Factor Cancer not found in table
[ERROR] Factor PICC infection not found for pmid 35086961
[ERROR][KEY] Factor ICU not found in table
[ERROR] Factor PICC infection not found for pmid 33908337
[ERROR][KEY] Factor Cancer not found in table
[ERROR] Factor Chemotherapy not found for pmid 25198809
[ERROR] Factor PICC infection not found for pmid 25198809
[ERROR] Factor Age not found for pmid 25953205
[ERROR][KEY] Factor PICC insertion procedure_position_more than one attempt for PICC insertion_operator experience_cutting or trimming the tip before insertion_Blood vessel traumatism_vein depth not found in table
[ERROR] Factor PICC infection not found for pmid 25953205
[ERROR][KEY] Factor Two or more lumens not found in table
[ERROR][KEY] Factor Diabete not found in table
[ERROR][KEY] Factor BMI not found in table
[ERROR] Factor PICC infection not found for pmid 34973357
[ERROR][KEY] Factor Surgery_type of surgery not found in table
[ERROR] Factor PICC infection not found for pmid 31073442
[ERROR] Factor PICC infection not found for pmid 34297997
[ERROR][KEY] Factor Two or more lumens not found in table
[ERROR] Factor PICC infection not found for pmid 36960818
[ERROR][KEY] Factor Cancer not found in table
[ERROR][KEY] Factor PICC insertion procedure_position_more than one attempt for PICC insertion_operator experience_cutting or trimming the tip before insertion_Blood vessel traumatism_vein depth not found in table
[ERROR][KEY] Factor ICU not found in table
[ERROR] Factor PICC infection not found for pmid 26519981
[ERROR] Factor PICC infection not found for pmid 26217634
[ERROR][KEY] Factor Surgery_type of surgery not found in table
[ERROR][KEY] Factor Anticoagulants therapy not found in table
[ERROR] Factor Slower blood flow velocity not found for pmid 35495896
[ERROR][KEY] Factor Cancer not found in table
[ERROR][KEY] Factor PICC indwelling time_catheter retention time not found in table
[ERROR] Factor PICC infection not found for pmid 25377903
[ERROR][KEY] Factor BMI not found in table
[ERROR][KEY] Factor Hypertension not found in table
[ERROR] Factor Chemotherapy not found for pmid 33019880
[ERROR][KEY] Factor Performans score_performance status_karnofsky_ECOG_Less activity_bedridden > 72h not found in table
[ERROR][KEY] Factor Biology ( blood platelet level_white blood cell level_triglycerides_fibrinogen) not found in table
[ERROR] Factor PICC infection not found for pmid 33019880
[ERROR] Factor Gender not found for pmid 30348912
[ERROR] Factor Age not found for pmid 30348912
[ERROR] Factor PICC infection not found for pmid 30348912
[ERROR][KEY] Factor PICC insertion procedure_position_more than one attempt for PICC insertion_operator experience_cutting or trimming the tip before insertion_Blood vessel traumatism_vein depth not found in table
[ERROR] Factor PICC infection not found for pmid 33084898
[ERROR][KEY] Factor Cancer not found in table
[ERROR] Factor PICC infection not found for pmid 28634973
[ERROR] Factor Age not found for pmid 28823518
[ERROR] Factor PICC infection not found for pmid 36676072
[ERROR][KEY] Factor PICC insertion procedure_position_more than one attempt for PICC insertion_operator experience_cutting or trimming the tip before insertion_Blood vessel traumatism_vein depth not found in table
[ERROR][KEY] Factor Surgery_type of surgery not found in table
[ERROR] Factor PICC infection not found for pmid 22948189
[ERROR] Factor PICC infection not found for pmid 38157768
[ERROR][KEY] Factor Biology ( blood platelet level_white blood cell level_triglycerides_fibrinogen) not found in table
[ERROR][KEY] Factor Hypertension not found in table
[ERROR][KEY] Factor ICU not found in table
[ERROR] Factor PICC infection not found for pmid 28822403
[ERROR][KEY] Factor PICC insertion procedure_position_more than one attempt for PICC insertion_operator experience_cutting or trimming the tip before insertion_Blood vessel traumatism_vein depth not found in table
[ERROR][KEY] Factor Cancer not found in table
[ERROR] Factor PICC infection not found for pmid 26369828
[ERROR][KEY] Factor Cancer not found in table
[ERROR][KEY] Factor Biology ( blood platelet level_white blood cell level_triglycerides_fibrinogen) not found in table
[OK] Found factor PICC infection for pmid 23633980
[OK] Found factor Erythropoiesis-stimulating agents for pmid 23633980
[ERROR][KEY] Factor Cancer not found in table
[ERROR] Factor Age not found for pmid 32043739
[ERROR][KEY] Factor ICU not found in table
[ERROR][KEY] Factor PICC indwelling time_catheter retention time not found in table
[ERROR][KEY] Factor Cancer not found in table
[ERROR] Factor PICC infection not found for pmid 24811603
[ERROR][KEY] Factor Blood vessel irritating drug_vancomycin_amphotericine not found in table
[ERROR] Factor PICC infection not found for pmid 31387123
[ERROR] Factor PICC infection not found for pmid 31565960
[ERROR] Factor Chemotherapy not found for pmid 31464692
[ERROR][KEY] Factor Cancer not found in table
[ERROR][KEY] Factor PICC insertion procedure_position_more than one attempt for PICC insertion_operator experience_cutting or trimming the tip before insertion_Blood vessel traumatism_vein depth not found in table
[ERROR] Factor PICC infection not found for pmid 31464692
[ERROR][KEY] Factor Cancer not found in table
[ERROR] Factor Chemotherapy not found for pmid 36299679
[ERROR][KEY] Factor Cancer not found in table
[ERROR] Factor Gender not found for pmid 24436591
[ERROR] Factor PICC infection not found for pmid 24436591
[ERROR][KEY] Factor Anticoagulants therapy not found in table
[ERROR][KEY] Factor Diabete not found in table
[ERROR][KEY] Factor BMI not found in table
[ERROR] Factor Age not found for pmid 35701467
[ERROR] Factor Age not found for pmid 37349797
[ERROR][KEY] Factor Cancer not found in table
[ERROR][KEY] Factor PICC insertion procedure_position_more than one attempt for PICC insertion_operator experience_cutting or trimming the tip before insertion_Blood vessel traumatism_vein depth not found in table
[ERROR][KEY] Factor Two or more lumens not found in table
[ERROR] Factor PICC infection not found for pmid 29377971
[ERROR] Factor Chemotherapy not found for pmid 25120012
[ERROR][KEY] Factor Cancer not found in table
[ERROR][KEY] Factor PICC indwelling time_catheter retention time not found in table
[ERROR] Factor Total parenteral nutrition not found for pmid 25120012
[ERROR] Factor PICC infection not found for pmid 25120012
[ERROR][KEY] Factor Two or more lumens not found in table
[ERROR] Factor Number of comorbidities/HTA/Hyperglycemia not found for pmid 34842905
[ERROR] Factor PICC infection not found for pmid 34842905
[ERROR] Factor Gender not found for pmid 26339941
[ERROR][KEY] Factor Surgery_type of surgery not found in table
[ERROR][KEY] Factor Cancer not found in table
[ERROR] Factor PICC infection not found for pmid 37254629
[ERROR][KEY] Factor Cancer not found in table
[ERROR][KEY] Factor BMI not found in table
[ERROR] Factor Gender not found for pmid 37166852
[ERROR][KEY] Factor ICU not found in table
[ERROR][KEY] Factor PICC insertion procedure_position_more than one attempt for PICC insertion_operator experience_cutting or trimming the tip before insertion_Blood vessel traumatism_vein depth not found in table
[ERROR][KEY] Factor Performans score_performance status_karnofsky_ECOG_Less activity_bedridden > 72h not found in table
[ERROR] Factor PICC infection not found for pmid 26623068
[OK] Found factor Age for pmid 33388763
[ERROR][KEY] Factor Others (COPD, IBD) not found in table
[ERROR][KEY] Factor Diabete not found in table
[OK] Found factor Number of comorbidities/HTA/Hyperglycemia for pmid 29659465
[ERROR][KEY] Factor PICC indwelling time_catheter retention time not found in table
[ERROR] Factor PICC infection not found for pmid 30795912
[ERROR][KEY] Factor PICC indwelling time_catheter retention time not found in table
[ERROR] Factor PICC infection not found for pmid 36113076
[ERROR] Factor PICC infection not found for pmid 29293304
[ERROR] Factor PICC infection not found for pmid 35285085
[ERROR] Factor PICC infection not found for pmid 34148390
[ERROR] Factor Chemotherapy not found for pmid 32205131
[ERROR][KEY] Factor Cancer not found in table
[OK] Found factor Age for pmid 32205131
[ERROR][KEY] Factor Hypertension not found in table
[ERROR][KEY] Factor PICC indwelling time_catheter retention time not found in table
[ERROR][KEY] Factor Biology ( blood platelet level_white blood cell level_triglycerides_fibrinogen) not found in table
[ERROR][KEY] Factor Anticoagulants therapy not found in table
[ERROR][KEY] Factor PICC insertion procedure_position_more than one attempt for PICC insertion_operator experience_cutting or trimming the tip before insertion_Blood vessel traumatism_vein depth not found in table
[ERROR][KEY] Factor Biology ( blood platelet level_white blood cell level_triglycerides_fibrinogen) not found in table
[OK] Found factor Chemotherapy for pmid 24090605
[ERROR][KEY] Factor Cancer not found in table
[ERROR][KEY] Factor Biology ( blood platelet level_white blood cell level_triglycerides_fibrinogen) not found in table
[ERROR] Factor PICC infection not found for pmid 24090605
[ERROR][KEY] Factor PICC insertion procedure_position_more than one attempt for PICC insertion_operator experience_cutting or trimming the tip before insertion_Blood vessel traumatism_vein depth not found in table
[ERROR] Factor PICC infection not found for pmid 32375605
[ERROR][KEY] Factor Cancer not found in table
[ERROR] Factor Gender not found for pmid 37205327
[ERROR][KEY] Factor Biology ( blood platelet level_white blood cell level_triglycerides_fibrinogen) not found in table
[ERROR][KEY] Factor Two or more lumens not found in table
[ERROR][KEY] Factor PICC insertion procedure_position_more than one attempt for PICC insertion_operator experience_cutting or trimming the tip before insertion_Blood vessel traumatism_vein depth not found in table
[ERROR] Factor PICC infection not found for pmid 30589718
[ERROR][KEY] Factor Cancer not found in table
[ERROR] Factor Total parenteral nutrition not found for pmid 23002096
[ERROR] Factor PICC infection not found for pmid 23002096
[ERROR] Factor PICC infection not found for pmid 25656251
[ERROR] Factor Power injectable PICC not found for pmid 25198813
[ERROR] Factor Chemotherapy not found for pmid 25198813
[ERROR] Factor PICC infection not found for pmid 25198813
[ERROR] Factor PICC infection not found for pmid 34980518
[ERROR][KEY] Factor PICC indwelling time_catheter retention time not found in table
[ERROR] Factor Total parenteral nutrition not found for pmid 33298237
[ERROR] Factor PICC infection not found for pmid 33298237
[ERROR][KEY] Factor Hospitalisation/ Medical department admission/ discharged to a skilled-nursing facility not found in table
[OK] Found factor Chemotherapy for pmid 23710585
[ERROR][KEY] Factor Diabete not found in table
[ERROR][KEY] Factor Cancer not found in table
[ERROR] Factor Chemotherapy not found for pmid 31674857
[ERROR][KEY] Factor Cancer not found in table
[ERROR][KEY] Factor BMI not found in table
[ERROR][KEY] Factor Cancer not found in table
[ERROR] Factor Number of comorbidities/HTA/Hyperglycemia not found for pmid 25940453
[ERROR][KEY] Factor Hospitalisation/ Medical department admission/ discharged to a skilled-nursing facility not found in table
[ERROR][KEY] Factor Diabete not found in table
[ERROR][KEY] Factor ICU not found in table
[ERROR] Factor PICC infection not found for pmid 32205954
[ERROR][KEY] Factor Two or more lumens not found in table
[ERROR][KEY] Factor ICU not found in table
[ERROR] Factor Gender not found for pmid 32551112
[MISSING] 22444157 is missing for factor Chemotherapy
[MISSING] 22444157 is missing for factor Diabetes
[MISSING] 2707884 is missing for factor Cancer/ Hematologic malignacy
[MISSING] 24781722  is missing for factor Age
